<?xml version="1.0" encoding="UTF-8"?>
<!-- Generated by org.testng.reporters.JUnitReportReporter -->
<testsuite skipped="0" hostname="DESKTOP-EHA9HVK" name="Assignment1" tests="6" failures="0" timestamp="30 May 2020 15:08:57 GMT" time="145.355" errors="0">
  <testcase name="linkedInTwo" time="20.711" classname="Assignment1"/>
  <testcase name="newToursOne" time="24.374" classname="Assignment1"/>
  <testcase name="fbNegativeTwo" time="33.165" classname="Assignment1"/>
  <testcase name="newToursTwo" time="23.078" classname="Assignment1"/>
  <testcase name="linkedInOne" time="19.341" classname="Assignment1"/>
  <testcase name="fbNegativeOne" time="24.686" classname="Assignment1"/>
</testsuite> <!-- Assignment1 -->
