<?xml version="1.0" encoding="UTF-8"?>
<!-- Generated by org.testng.reporters.JUnitReportReporter -->
<testsuite skipped="0" hostname="DESKTOP-EHA9HVK" name="Assignment2" tests="2" failures="0" timestamp="30 May 2020 14:14:52 GMT" time="44.580" errors="0">
  <testcase name="testcaseOne" time="26.018" classname="Assignment2"/>
  <testcase name="testcaseTwo" time="18.562" classname="Assignment2"/>
</testsuite> <!-- Assignment2 -->
